<?xml version="1.0" encoding="UTF-8"?>
<!-- Generated by org.testng.reporters.JUnitReportReporter -->
<testsuite hostname="RPC150" name="com.objectfrontier.training.java.webservices.test.AddressServletTest" tests="8" failures="0" timestamp="24 Nov 2018 11:38:32 GMT" time="0.902" errors="0">
  <testcase name="testUpdate_negative" time="0.023" classname="com.objectfrontier.training.java.webservices.test.AddressServletTest"/>
  <testcase name="testRead_negative" time="0.027" classname="com.objectfrontier.training.java.webservices.test.AddressServletTest"/>
  <testcase name="testRead_positive" time="0.014" classname="com.objectfrontier.training.java.webservices.test.AddressServletTest"/>
  <testcase name="testDelete_negative" time="0.015" classname="com.objectfrontier.training.java.webservices.test.AddressServletTest"/>
  <testcase name="testCreate_negative" time="0.734" classname="com.objectfrontier.training.java.webservices.test.AddressServletTest"/>
  <testcase name="testUpdate_negative" time="0.013" classname="com.objectfrontier.training.java.webservices.test.AddressServletTest"/>
  <testcase name="testDelete_positive" time="0.055" classname="com.objectfrontier.training.java.webservices.test.AddressServletTest"/>
  <testcase name="testUpdate_negative" time="0.021" classname="com.objectfrontier.training.java.webservices.test.AddressServletTest"/>
</testsuite> <!-- com.objectfrontier.training.java.webservices.test.AddressServletTest -->
