<?xml version="1.0" encoding="UTF-8"?>
<!-- Generated by org.testng.reporters.JUnitReportReporter -->
<testsuite hostname="RPC150" name="com.objectfrontier.training.java.webservices.test.PersonServletTest" tests="1" failures="0" timestamp="24 Nov 2018 12:10:33 GMT" time="0.749" errors="0">
  <testcase name="testDelete_negative" time="0.749" classname="com.objectfrontier.training.java.webservices.test.PersonServletTest"/>
</testsuite> <!-- com.objectfrontier.training.java.webservices.test.PersonServletTest -->
