<?xml version="1.0" encoding="UTF-8"?>
<!-- Generated by org.testng.reporters.JUnitReportReporter -->
<testsuite hostname="RPC150" name="com.objectfrontier.training.java.webservices.test.AddressServiceTest" tests="1" failures="0" timestamp="23 Nov 2018 06:58:33 GMT" time="1.311" errors="0">
  <testcase name="testRead_positive" time="1.311" classname="com.objectfrontier.training.java.webservices.test.AddressServiceTest"/>
</testsuite> <!-- com.objectfrontier.training.java.webservices.test.AddressServiceTest -->
