<?xml version="1.0" encoding="UTF-8"?>
<!-- Generated by org.testng.reporters.JUnitReportReporter -->
<testsuite hostname="RPC150" name="com.objectfrontier.training.java.jdbc.service.PersonServiceTest" tests="1" failures="0" timestamp="20 Oct 2018 13:02:26 GMT" time="0.391" errors="0">
  <testcase name="testCreate_negative" time="0.391" classname="com.objectfrontier.training.java.jdbc.service.PersonServiceTest"/>
</testsuite> <!-- com.objectfrontier.training.java.jdbc.service.PersonServiceTest -->
