<?xml version="1.0" encoding="UTF-8"?>
<!-- Generated by org.testng.reporters.JUnitReportReporter -->
<testsuite hostname="RPC150" name="com.objectfrontier.training.java.jdbc.test.PersonServiceTest" tests="1" failures="0" timestamp="21 Oct 2018 10:34:29 GMT" time="0.281" errors="0">
  <testcase name="testDelete_negative" time="0.281" classname="com.objectfrontier.training.java.jdbc.test.PersonServiceTest"/>
</testsuite> <!-- com.objectfrontier.training.java.jdbc.test.PersonServiceTest -->
