<?xml version="1.0" encoding="UTF-8"?>
<!-- Generated by org.testng.reporters.JUnitReportReporter -->
<testsuite hostname="RPC150" name="com.objectfrontier.training.java.jdbc.test.PersonServiceTest" tests="2" failures="0" timestamp="16 Nov 2018 11:32:38 GMT" time="0.612" errors="0">
  <testcase name="testCreatePositive" time="0.056" classname="com.objectfrontier.training.java.jdbc.test.PersonServiceTest"/>
  <testcase name="testCreatePositive" time="0.556" classname="com.objectfrontier.training.java.jdbc.test.PersonServiceTest"/>
</testsuite> <!-- com.objectfrontier.training.java.jdbc.test.PersonServiceTest -->
