<?xml version="1.0" encoding="UTF-8"?>
<!-- Generated by org.testng.reporters.JUnitReportReporter -->
<testsuite hostname="RPC150" name="com.objectfrontier.training.java.service.test.AddressServiceTest" tests="1" failures="0" timestamp="20 Nov 2018 06:02:43 GMT" time="0.052" errors="0">
  <testcase name="testDelete_negative" time="0.052" classname="com.objectfrontier.training.java.service.test.AddressServiceTest"/>
</testsuite> <!-- com.objectfrontier.training.java.service.test.AddressServiceTest -->
